<?xml version="1.0" encoding="UTF-8"?>
<testsuite xmlns:xsi="http://www.w3.org/2001/XMLSchema-instance" xsi:noNamespaceSchemaLocation="https://maven.apache.org/surefire/maven-surefire-plugin/xsd/surefire-test-report.xsd" version="3.0.2" name="com.microerp.microerp.MicroerpApplicationTests" time="4.013" tests="1" errors="0" skipped="0" failures="0">
  <properties>
[...]
</properties>
  <testcase name="contextLoads" classname="com.microerp.microerp.MicroerpApplicationTests" time="1.202">
    <system-out><![CDATA[23:08:33.297 [main] INFO org.springframework.test.context.support.AnnotationConfigContextLoaderUtils -- Could not detect default configuration classes for test class [com.microerp.microerp.MicroerpApplicationTests]: MicroerpApplicationTests does not declare any static, non-private, non-final, nested classes annotated with @Configuration.
23:08:33.448 [main] INFO org.springframework.boot.test.context.SpringBootTestContextBootstrapper -- Found @SpringBootConfiguration com.microerp.microerp.MicroerpApplication for test class com.microerp.microerp.MicroerpApplicationTests

  .   ____          _            __ _ _
 /\\ / ___'_ __ _ _(_)_ __  __ _ \ \ \ \
( ( )\___ | '_ | '_| | '_ \/ _` | \ \ \ \
 \\/  ___)| |_)| | | | | || (_| |  ) ) ) )
  '  |____| .__|_| |_|_| |_\__, | / / / /
 =========|_|==============|___/=/_/_/_/

 :: Spring Boot ::                (v3.4.4)

2025-04-22T23:08:34.061-03:00  INFO 2452 --- [microerp] [           main] c.m.microerp.MicroerpApplicationTests    : Starting MicroerpApplicationTests using Java 17.0.7 with PID 2452 (started by lcarl in D:\dev-projects\projects\Java\microerp)
2025-04-22T23:08:34.063-03:00  INFO 2452 --- [microerp] [           main] c.m.microerp.MicroerpApplicationTests    : No active profile set, falling back to 1 default profile: "default"
2025-04-22T23:08:35.906-03:00  INFO 2452 --- [microerp] [           main] c.m.microerp.MicroerpApplicationTests    : Started MicroerpApplicationTests in 2.197 seconds (process running for 3.614)
]]></system-out>
  </testcase>
</testsuite>